TN:
SF:/workspace/src/StringUtils.cpp
FNL:0,110,125
FNA:0,6,_ZN11StringUtils5LJustERKNSt7__cxx1112basic_stringIcSt11char_traitsIcESaIcEEEic
FNL:1,127,142
FNA:1,6,_ZN11StringUtils5RJustERKNSt7__cxx1112basic_stringIcSt11char_traitsIcESaIcEEEic
FNL:2,144,165
FNA:2,5,_ZN11StringUtils7ReplaceERKNSt7__cxx1112basic_stringIcSt11char_traitsIcESaIcEEES7_S7_
FNL:3,167,195
FNA:3,3,_ZN11StringUtils5SplitERKNSt7__cxx1112basic_stringIcSt11char_traitsIcESaIcEEES7_
FNL:4,197,213
FNA:4,4,_ZN11StringUtils4JoinERKNSt7__cxx1112basic_stringIcSt11char_traitsIcESaIcEEERKSt6vectorIS5_SaIS5_EE
FNL:5,215,234
FNA:5,2,_ZN11StringUtils10ExpandTabsERKNSt7__cxx1112basic_stringIcSt11char_traitsIcESaIcEEEi
FNL:6,236,280
FNA:6,0,_ZN11StringUtils12EditDistanceERKNSt7__cxx1112basic_stringIcSt11char_traitsIcESaIcEEES7_b
FNL:7,26,36
FNA:7,6,_ZN11StringUtils10CapitalizeERKNSt7__cxx1112basic_stringIcSt11char_traitsIcESaIcEEE
FNL:8,38,46
FNA:8,5,_ZN11StringUtils5UpperERKNSt7__cxx1112basic_stringIcSt11char_traitsIcESaIcEEE
FNL:9,48,56
FNA:9,5,_ZN11StringUtils5LowerERKNSt7__cxx1112basic_stringIcSt11char_traitsIcESaIcEEE
FNL:10,58,67
FNA:10,12,_ZN11StringUtils6LStripERKNSt7__cxx1112basic_stringIcSt11char_traitsIcESaIcEEE
FNL:11,69,82
FNA:11,12,_ZN11StringUtils6RStripERKNSt7__cxx1112basic_stringIcSt11char_traitsIcESaIcEEE
FNL:12,7,24
FNA:12,3,_ZN11StringUtils5SliceERKNSt7__cxx1112basic_stringIcSt11char_traitsIcESaIcEEEll
FNL:13,84,86
FNA:13,8,_ZN11StringUtils5StripERKNSt7__cxx1112basic_stringIcSt11char_traitsIcESaIcEEE
FNL:14,88,108
FNA:14,5,_ZN11StringUtils6CenterERKNSt7__cxx1112basic_stringIcSt11char_traitsIcESaIcEEEic
FNF:15
FNH:14
DA:7,3
DA:8,3
DA:9,3
DA:10,3
DA:11,3
DA:14,2
DA:15,0
DA:19,2
DA:20,0
DA:23,3
DA:24,3
DA:26,6
DA:28,6
DA:29,6
DA:30,6
DA:31,39
DA:32,33
DA:35,6
DA:38,5
DA:39,5
DA:40,5
DA:41,26
DA:42,22
DA:45,5
DA:48,5
DA:49,5
DA:50,5
DA:51,28
DA:52,24
DA:55,5
DA:58,12
DA:59,12
DA:60,12
DA:61,12
DA:62,30
DA:63,18
DA:66,12
DA:67,12
DA:69,12
DA:70,12
DA:71,12
DA:72,10
DA:73,30
DA:74,22
DA:75,4
DA:77,20
DA:79,8
DA:81,4
DA:82,12
DA:84,8
DA:85,8
DA:88,5
DA:89,5
DA:90,5
DA:91,5
DA:92,5
DA:93,5
DA:94,5
DA:95,2
DA:97,3
DA:98,3
DA:99,3
DA:100,8
DA:101,5
DA:103,3
DA:104,7
DA:105,4
DA:107,3
DA:108,5
DA:110,6
DA:111,6
DA:112,6
DA:113,6
DA:114,6
DA:115,2
DA:117,4
DA:118,4
DA:119,4
DA:120,4
DA:121,11
DA:122,7
DA:124,4
DA:125,6
DA:127,6
DA:128,6
DA:129,6
DA:130,6
DA:131,6
DA:132,2
DA:134,4
DA:135,4
DA:136,4
DA:137,11
DA:138,7
DA:140,4
DA:141,4
DA:142,6
DA:144,5
DA:145,5
DA:146,5
DA:147,5
DA:148,5
DA:149,4
DA:150,3
DA:151,3
DA:153,1
DA:155,56
DA:156,52
DA:157,10
DA:158,10
DA:160,42
DA:164,10
DA:165,5
DA:167,3
DA:168,3
DA:169,3
DA:170,3
DA:171,3
DA:172,9
DA:173,8
DA:174,4
DA:176,12
DA:179,1
DA:181,2
DA:182,0
DA:183,0
DA:185,2
DA:186,44
DA:187,42
DA:188,6
DA:189,6
DA:190,6
DA:193,2
DA:194,2
DA:195,3
DA:197,4
DA:198,4
DA:199,4
DA:200,4
DA:201,0
DA:203,4
DA:204,1
DA:205,1
DA:207,9
DA:208,6
DA:209,6
DA:211,3
DA:212,3
DA:213,4
DA:215,2
DA:216,2
DA:217,2
DA:218,2
DA:219,2
DA:220,0
DA:222,7
DA:223,5
DA:226,40
DA:227,38
DA:228,6
DA:230,32
DA:233,4
DA:234,2
DA:236,0
DA:239,0
DA:240,0
DA:241,0
DA:243,0
DA:244,0
DA:246,0
DA:247,0
DA:249,0
DA:250,0
DA:251,0
DA:252,0
DA:253,0
DA:255,0
DA:257,0
DA:258,0
DA:259,0
DA:264,0
DA:265,0
DA:266,0
DA:267,0
DA:269,0
DA:271,0
DA:272,0
DA:273,0
DA:278,0
DA:280,0
LF:190
LH:157
end_of_record
